<?xml version="1.0" encoding="UTF-8" ?>
<testsuite tests="53" failures="0" name="TestSuite" time="81.452" errors="0" skipped="0">
  <properties>
    <property name="java.runtime.name" value="Java(TM) SE Runtime Environment"/>
    <property name="sun.boot.library.path" value="C:\Program Files\Java\jdk1.8.0_231\jre\bin"/>
    <property name="java.vm.version" value="25.231-b11"/>
    <property name="java.vm.vendor" value="Oracle Corporation"/>
    <property name="maven.multiModuleProjectDirectory" value="D:\Archana\Workspace\fynd-emp-test"/>
    <property name="java.vendor.url" value="http://java.oracle.com/"/>
    <property name="path.separator" value=";"/>
    <property name="guice.disable.misplaced.annotation.check" value="true"/>
    <property name="java.vm.name" value="Java HotSpot(TM) 64-Bit Server VM"/>
    <property name="file.encoding.pkg" value="sun.io"/>
    <property name="user.script" value=""/>
    <property name="user.country" value="IN"/>
    <property name="sun.java.launcher" value="SUN_STANDARD"/>
    <property name="sun.os.patch.level" value=""/>
    <property name="java.vm.specification.name" value="Java Virtual Machine Specification"/>
    <property name="user.dir" value="D:\Archana\Workspace\fynd-emp-test"/>
    <property name="java.runtime.version" value="1.8.0_231-b11"/>
    <property name="java.awt.graphicsenv" value="sun.awt.Win32GraphicsEnvironment"/>
    <property name="java.endorsed.dirs" value="C:\Program Files\Java\jdk1.8.0_231\jre\lib\endorsed"/>
    <property name="os.arch" value="amd64"/>
    <property name="java.io.tmpdir" value="C:\Users\Aditya\AppData\Local\Temp\"/>
    <property name="line.separator" value="
"/>
    <property name="java.vm.specification.vendor" value="Oracle Corporation"/>
    <property name="user.variant" value=""/>
    <property name="os.name" value="Windows 10"/>
    <property name="classworlds.conf" value="C:\Program Files\apache-maven-3.6.2\bin\..\bin\m2.conf"/>
    <property name="sun.jnu.encoding" value="Cp1252"/>
    <property name="java.library.path" value="C:\Program Files\Java\jdk1.8.0_231\bin;C:\Windows\Sun\Java\bin;C:\Windows\system32;C:\Windows;C:\Program Files (x86)\Common Files\Oracle\Java\javapath;C:\Windows\system32;C:\Windows;C:\Windows\System32\Wbem;C:\Windows\System32\WindowsPowerShell\v1.0\;C:\Program Files (x86)\NVIDIA Corporation\PhysX\Common;C:\Windows\system32;C:\Windows;C:\Windows\System32\Wbem;C:\Windows\System32\WindowsPowerShell\v1.0\;C:\Program Files\PuTTY\;C:\Program Files (x86)\Intel\Intel(R) Management Engine Components\DAL;C:\Program Files\Intel\Intel(R) Management Engine Components\DAL;C:\Program Files\Intel\WiFi\bin\;C:\Program Files\Common Files\Intel\WirelessCommon\;C:\Users\Aditya\AppData\Local\Microsoft\WindowsApps;C:\Program Files (x86)\Nmap;C:\Program Files\Java\jdk1.8.0_231\bin;C:\Program Files\apache-maven-3.6.2\bin;;."/>
    <property name="maven.conf" value="C:\Program Files\apache-maven-3.6.2\bin\../conf"/>
    <property name="java.specification.name" value="Java Platform API Specification"/>
    <property name="java.class.version" value="52.0"/>
    <property name="sun.management.compiler" value="HotSpot 64-Bit Tiered Compilers"/>
    <property name="os.version" value="10.0"/>
    <property name="library.jansi.path" value="C:\Program Files\apache-maven-3.6.2\bin\..\lib\jansi-native"/>
    <property name="user.home" value="C:\Users\Aditya"/>
    <property name="user.timezone" value="Asia/Calcutta"/>
    <property name="java.awt.printerjob" value="sun.awt.windows.WPrinterJob"/>
    <property name="java.specification.version" value="1.8"/>
    <property name="file.encoding" value="Cp1252"/>
    <property name="user.name" value="Aditya"/>
    <property name="java.class.path" value="C:\Program Files\apache-maven-3.6.2\bin\..\boot\plexus-classworlds-2.6.0.jar"/>
    <property name="java.vm.specification.version" value="1.8"/>
    <property name="sun.arch.data.model" value="64"/>
    <property name="java.home" value="C:\Program Files\Java\jdk1.8.0_231\jre"/>
    <property name="sun.java.command" value="org.codehaus.plexus.classworlds.launcher.Launcher clean install"/>
    <property name="java.specification.vendor" value="Oracle Corporation"/>
    <property name="user.language" value="en"/>
    <property name="awt.toolkit" value="sun.awt.windows.WToolkit"/>
    <property name="java.vm.info" value="mixed mode"/>
    <property name="java.version" value="1.8.0_231"/>
    <property name="java.ext.dirs" value="C:\Program Files\Java\jdk1.8.0_231\jre\lib\ext;C:\Windows\Sun\Java\lib\ext"/>
    <property name="sun.boot.class.path" value="C:\Program Files\Java\jdk1.8.0_231\jre\lib\resources.jar;C:\Program Files\Java\jdk1.8.0_231\jre\lib\rt.jar;C:\Program Files\Java\jdk1.8.0_231\jre\lib\sunrsasign.jar;C:\Program Files\Java\jdk1.8.0_231\jre\lib\jsse.jar;C:\Program Files\Java\jdk1.8.0_231\jre\lib\jce.jar;C:\Program Files\Java\jdk1.8.0_231\jre\lib\charsets.jar;C:\Program Files\Java\jdk1.8.0_231\jre\lib\jfr.jar;C:\Program Files\Java\jdk1.8.0_231\jre\classes"/>
    <property name="sun.stderr.encoding" value="cp437"/>
    <property name="java.vendor" value="Oracle Corporation"/>
    <property name="maven.home" value="C:\Program Files\apache-maven-3.6.2\bin\.."/>
    <property name="file.separator" value="\"/>
    <property name="java.vendor.url.bug" value="http://bugreport.sun.com/bugreport/"/>
    <property name="sun.cpu.endian" value="little"/>
    <property name="sun.io.unicode.encoding" value="UnicodeLittle"/>
    <property name="sun.stdout.encoding" value="cp437"/>
    <property name="sun.desktop" value="windows"/>
    <property name="sun.cpu.isalist" value="amd64"/>
  </properties>
  <testcase classname="emp.test.classes.EmployeeCreateTest" name="createEmployeeWithAllValidData" time="3.731"/>
  <testcase classname="emp.test.classes.EmployeeCreateTest" name="createEmployeeWithAlphaNumericAge" time="1.42"/>
  <testcase classname="emp.test.classes.EmployeeCreateTest" name="createEmployeeWithAlphaNumericInName" time="1.53"/>
  <testcase classname="emp.test.classes.EmployeeCreateTest" name="createEmployeeWithAlphaNumericSalary" time="1.542"/>
  <testcase classname="emp.test.classes.EmployeeCreateTest" name="createEmployeeWithDecimalAge" time="1.749"/>
  <testcase classname="emp.test.classes.EmployeeCreateTest" name="createEmployeeWithDecimalSalary" time="1.621"/>
  <testcase classname="emp.test.classes.EmployeeCreateTest" name="createEmployeeWithEmptyName" time="0.824"/>
  <testcase classname="emp.test.classes.EmployeeCreateTest" name="createEmployeeWithGIFImageUrl" time="1.618"/>
  <testcase classname="emp.test.classes.EmployeeCreateTest" name="createEmployeeWithInvalidImageUrl" time="1.741"/>
  <testcase classname="emp.test.classes.EmployeeCreateTest" name="createEmployeeWithNullAge" time="0.716"/>
  <testcase classname="emp.test.classes.EmployeeCreateTest" name="createEmployeeWithNullName" time="0.731"/>
  <testcase classname="emp.test.classes.EmployeeCreateTest" name="createEmployeeWithNullProfileImage" time="1.513"/>
  <testcase classname="emp.test.classes.EmployeeCreateTest" name="createEmployeeWithNullSalary" time="0.817"/>
  <testcase classname="emp.test.classes.EmployeeCreateTest" name="createEmployeeWithPNGImageUrl" time="3.884"/>
  <testcase classname="emp.test.classes.EmployeeCreateTest" name="createEmployeeWithSpecialCharsAge" time="1.641"/>
  <testcase classname="emp.test.classes.EmployeeCreateTest" name="createEmployeeWithSpecialCharsInName" time="0.815"/>
  <testcase classname="emp.test.classes.EmployeeCreateTest" name="createEmployeeWithSpecialCharsSalary" time="1.514"/>
  <testcase classname="emp.test.classes.EmployeeCreateTest" name="createEmployeeWithoutAge" time="0.726"/>
  <testcase classname="emp.test.classes.EmployeeCreateTest" name="createEmployeeWithoutName" time="0.719"/>
  <testcase classname="emp.test.classes.EmployeeCreateTest" name="createEmployeeWithoutProfileImage" time="1.43"/>
  <testcase classname="emp.test.classes.EmployeeCreateTest" name="createEmployeeWithoutSalary" time="0.819"/>
  <testcase classname="emp.test.classes.EmployeeCRUDTest" name="createGetEmployeeWithValidRequiredData" time="4.739"/>
  <testcase classname="emp.test.classes.EmployeeCRUDTest" name="updateGetEmployeeWithValidRequiredData" time="6.009"/>
  <testcase classname="emp.test.classes.EmployeeDeleteTest" name="deleteEmployeeWithAllValidData" time="2.083"/>
  <testcase classname="emp.test.classes.EmployeeDeleteTest" name="deleteEmployeeWithInvalidId" time="0.739"/>
  <testcase classname="emp.test.classes.EmployeeDeleteTest" name="deleteEmployeeWithNotExistingId" time="0.861"/>
  <testcase classname="emp.test.classes.EmployeeDeleteTest" name="deleteEmployeeWithoutId" time="0.701"/>
  <testcase classname="emp.test.classes.EmployeeGetTest" name="getEmployeeWithAllValidData" time="2.209"/>
  <testcase classname="emp.test.classes.EmployeeGetTest" name="getEmployeeWithInvalidId" time="0.725"/>
  <testcase classname="emp.test.classes.EmployeeGetTest" name="getEmployeeWithNotExistingId" time="0.764"/>
  <testcase classname="emp.test.classes.EmployeeGetTest" name="getEmployeeWithoutId" time="0.676"/>
  <testcase classname="emp.test.classes.EmployeeListTest" name="listEmployeeWithAllValidData" time="2.897"/>
  <testcase classname="emp.test.classes.EmployeeUpdateTest" name="updateEmployeeWithAllValidData" time="1.4"/>
  <testcase classname="emp.test.classes.EmployeeUpdateTest" name="updateEmployeeWithAlphaNumericAge" time="1.394"/>
  <testcase classname="emp.test.classes.EmployeeUpdateTest" name="updateEmployeeWithAlphaNumericInName" time="1.366"/>
  <testcase classname="emp.test.classes.EmployeeUpdateTest" name="updateEmployeeWithAlphaNumericSalary" time="1.429"/>
  <testcase classname="emp.test.classes.EmployeeUpdateTest" name="updateEmployeeWithDecimalAge" time="1.796"/>
  <testcase classname="emp.test.classes.EmployeeUpdateTest" name="updateEmployeeWithDecimalSalary" time="1.46"/>
  <testcase classname="emp.test.classes.EmployeeUpdateTest" name="updateEmployeeWithEmptyName" time="0.721"/>
  <testcase classname="emp.test.classes.EmployeeUpdateTest" name="updateEmployeeWithGIFImageUrl" time="1.377"/>
  <testcase classname="emp.test.classes.EmployeeUpdateTest" name="updateEmployeeWithInvalidImageUrl" time="1.51"/>
  <testcase classname="emp.test.classes.EmployeeUpdateTest" name="updateEmployeeWithNullAge" time="1.509"/>
  <testcase classname="emp.test.classes.EmployeeUpdateTest" name="updateEmployeeWithNullName" time="0.763"/>
  <testcase classname="emp.test.classes.EmployeeUpdateTest" name="updateEmployeeWithNullProfileImage" time="1.389"/>
  <testcase classname="emp.test.classes.EmployeeUpdateTest" name="updateEmployeeWithNullSalary" time="1.55"/>
  <testcase classname="emp.test.classes.EmployeeUpdateTest" name="updateEmployeeWithPNGImageUrl" time="1.465"/>
  <testcase classname="emp.test.classes.EmployeeUpdateTest" name="updateEmployeeWithSpecialCharsAge" time="1.494"/>
  <testcase classname="emp.test.classes.EmployeeUpdateTest" name="updateEmployeeWithSpecialCharsInName" time="0.837"/>
  <testcase classname="emp.test.classes.EmployeeUpdateTest" name="updateEmployeeWithSpecialCharsSalary" time="1.48"/>
  <testcase classname="emp.test.classes.EmployeeUpdateTest" name="updateEmployeeWithoutAge" time="1.354"/>
  <testcase classname="emp.test.classes.EmployeeUpdateTest" name="updateEmployeeWithoutName" time="0.716"/>
  <testcase classname="emp.test.classes.EmployeeUpdateTest" name="updateEmployeeWithoutProfileImage" time="1.54"/>
  <testcase classname="emp.test.classes.EmployeeUpdateTest" name="updateEmployeeWithoutSalary" time="1.398"/>
</testsuite>