<?xml version="1.0" encoding="UTF-8"?>
<!-- Generated by org.testng.reporters.JUnitReportReporter -->
<testsuite skipped="0" hostname="DESKTOP-R2QQRR4" name="emp.test.classes.EmployeeCRUDTest" tests="2" failures="0" timestamp="25 Nov 2019 12:35:08 GMT" time="12.289" errors="0">
  <testcase name="updateGetEmployeeWithValidRequiredData" time="7.465" classname="emp.test.classes.EmployeeCRUDTest"/>
  <testcase name="createGetEmployeeWithValidRequiredData" time="4.824" classname="emp.test.classes.EmployeeCRUDTest"/>
</testsuite> <!-- emp.test.classes.EmployeeCRUDTest -->
