<?xml version="1.0" encoding="UTF-8"?>
<!-- Generated by org.testng.reporters.JUnitReportReporter -->
<testsuite skipped="0" hostname="DESKTOP-R2QQRR4" name="emp.test.classes.EmployeeUpdateTest" tests="21" failures="0" timestamp="25 Nov 2019 12:35:08 GMT" time="29.588" errors="0">
  <testcase name="updateEmployeeWithInvalidImageUrl" time="2.039" classname="emp.test.classes.EmployeeUpdateTest"/>
  <testcase name="updateEmployeeWithEmptyName" time="0.814" classname="emp.test.classes.EmployeeUpdateTest"/>
  <testcase name="updateEmployeeWithNullProfileImage" time="1.429" classname="emp.test.classes.EmployeeUpdateTest"/>
  <testcase name="updateEmployeeWithSpecialCharsAge" time="1.525" classname="emp.test.classes.EmployeeUpdateTest"/>
  <testcase name="updateEmployeeWithAlphaNumericAge" time="1.423" classname="emp.test.classes.EmployeeUpdateTest"/>
  <testcase name="updateEmployeeWithNullAge" time="1.631" classname="emp.test.classes.EmployeeUpdateTest"/>
  <testcase name="updateEmployeeWithDecimalSalary" time="1.526" classname="emp.test.classes.EmployeeUpdateTest"/>
  <testcase name="updateEmployeeWithAllValidData" time="1.533" classname="emp.test.classes.EmployeeUpdateTest"/>
  <testcase name="updateEmployeeWithSpecialCharsInName" time="0.725" classname="emp.test.classes.EmployeeUpdateTest"/>
  <testcase name="updateEmployeeWithPNGImageUrl" time="1.634" classname="emp.test.classes.EmployeeUpdateTest"/>
  <testcase name="updateEmployeeWithAlphaNumericInName" time="1.506" classname="emp.test.classes.EmployeeUpdateTest"/>
  <testcase name="updateEmployeeWithoutAge" time="1.431" classname="emp.test.classes.EmployeeUpdateTest"/>
  <testcase name="updateEmployeeWithAlphaNumericSalary" time="1.564" classname="emp.test.classes.EmployeeUpdateTest"/>
  <testcase name="updateEmployeeWithNullName" time="0.815" classname="emp.test.classes.EmployeeUpdateTest"/>
  <testcase name="updateEmployeeWithoutSalary" time="1.469" classname="emp.test.classes.EmployeeUpdateTest"/>
  <testcase name="updateEmployeeWithNullSalary" time="1.529" classname="emp.test.classes.EmployeeUpdateTest"/>
  <testcase name="updateEmployeeWithoutProfileImage" time="1.387" classname="emp.test.classes.EmployeeUpdateTest"/>
  <testcase name="updateEmployeeWithGIFImageUrl" time="1.833" classname="emp.test.classes.EmployeeUpdateTest"/>
  <testcase name="updateEmployeeWithoutName" time="0.816" classname="emp.test.classes.EmployeeUpdateTest"/>
  <testcase name="updateEmployeeWithSpecialCharsSalary" time="1.528" classname="emp.test.classes.EmployeeUpdateTest"/>
  <testcase name="updateEmployeeWithDecimalAge" time="1.431" classname="emp.test.classes.EmployeeUpdateTest"/>
</testsuite> <!-- emp.test.classes.EmployeeUpdateTest -->
