<?xml version="1.0" encoding="UTF-8"?>
<!-- Generated by org.testng.reporters.JUnitReportReporter -->
<testsuite skipped="0" hostname="DESKTOP-R2QQRR4" name="emp.test.classes.EmployeeDeleteTest" tests="4" failures="0" timestamp="25 Nov 2019 12:35:08 GMT" time="4.972" errors="0">
  <testcase name="deleteEmployeeWithNotExistingId" time="0.716" classname="emp.test.classes.EmployeeDeleteTest"/>
  <testcase name="deleteEmployeeWithInvalidId" time="0.712" classname="emp.test.classes.EmployeeDeleteTest"/>
  <testcase name="deleteEmployeeWithAllValidData" time="2.854" classname="emp.test.classes.EmployeeDeleteTest"/>
  <testcase name="deleteEmployeeWithoutId" time="0.690" classname="emp.test.classes.EmployeeDeleteTest"/>
</testsuite> <!-- emp.test.classes.EmployeeDeleteTest -->
