<?xml version="1.0" encoding="UTF-8"?>
<!-- Generated by org.testng.reporters.JUnitReportReporter -->
<testsuite skipped="0" hostname="DESKTOP-R2QQRR4" name="emp.test.classes.EmployeeGetTest" tests="4" failures="0" timestamp="25 Nov 2019 12:35:08 GMT" time="4.204" errors="0">
  <testcase name="getEmployeeWithInvalidId" time="0.706" classname="emp.test.classes.EmployeeGetTest"/>
  <testcase name="getEmployeeWithNotExistingId" time="0.704" classname="emp.test.classes.EmployeeGetTest"/>
  <testcase name="getEmployeeWithoutId" time="0.715" classname="emp.test.classes.EmployeeGetTest"/>
  <testcase name="getEmployeeWithAllValidData" time="2.079" classname="emp.test.classes.EmployeeGetTest"/>
</testsuite> <!-- emp.test.classes.EmployeeGetTest -->
