<?xml version="1.0" encoding="UTF-8"?>
<!-- Generated by org.testng.reporters.JUnitReportReporter -->
<testsuite skipped="0" hostname="DESKTOP-R2QQRR4" name="emp.test.classes.EmployeeCreateTest" tests="21" failures="0" timestamp="25 Nov 2019 12:35:08 GMT" time="29.167" errors="0">
  <testcase name="createEmployeeWithNullSalary" time="0.726" classname="emp.test.classes.EmployeeCreateTest"/>
  <testcase name="createEmployeeWithAllValidData" time="3.173" classname="emp.test.classes.EmployeeCreateTest"/>
  <testcase name="createEmployeeWithSpecialCharsAge" time="1.633" classname="emp.test.classes.EmployeeCreateTest"/>
  <testcase name="createEmployeeWithPNGImageUrl" time="1.418" classname="emp.test.classes.EmployeeCreateTest"/>
  <testcase name="createEmployeeWithNullName" time="0.816" classname="emp.test.classes.EmployeeCreateTest"/>
  <testcase name="createEmployeeWithSpecialCharsSalary" time="1.627" classname="emp.test.classes.EmployeeCreateTest"/>
  <testcase name="createEmployeeWithDecimalSalary" time="1.532" classname="emp.test.classes.EmployeeCreateTest"/>
  <testcase name="createEmployeeWithAlphaNumericSalary" time="1.520" classname="emp.test.classes.EmployeeCreateTest"/>
  <testcase name="createEmployeeWithAlphaNumericInName" time="1.956" classname="emp.test.classes.EmployeeCreateTest"/>
  <testcase name="createEmployeeWithDecimalAge" time="1.651" classname="emp.test.classes.EmployeeCreateTest"/>
  <testcase name="createEmployeeWithoutProfileImage" time="1.381" classname="emp.test.classes.EmployeeCreateTest"/>
  <testcase name="createEmployeeWithEmptyName" time="0.729" classname="emp.test.classes.EmployeeCreateTest"/>
  <testcase name="createEmployeeWithInvalidImageUrl" time="1.529" classname="emp.test.classes.EmployeeCreateTest"/>
  <testcase name="createEmployeeWithoutAge" time="1.946" classname="emp.test.classes.EmployeeCreateTest"/>
  <testcase name="createEmployeeWithNullAge" time="0.812" classname="emp.test.classes.EmployeeCreateTest"/>
  <testcase name="createEmployeeWithoutName" time="0.739" classname="emp.test.classes.EmployeeCreateTest"/>
  <testcase name="createEmployeeWithoutSalary" time="0.744" classname="emp.test.classes.EmployeeCreateTest"/>
  <testcase name="createEmployeeWithNullProfileImage" time="1.426" classname="emp.test.classes.EmployeeCreateTest"/>
  <testcase name="createEmployeeWithGIFImageUrl" time="1.596" classname="emp.test.classes.EmployeeCreateTest"/>
  <testcase name="createEmployeeWithAlphaNumericAge" time="1.505" classname="emp.test.classes.EmployeeCreateTest"/>
  <testcase name="createEmployeeWithSpecialCharsInName" time="0.708" classname="emp.test.classes.EmployeeCreateTest"/>
</testsuite> <!-- emp.test.classes.EmployeeCreateTest -->
