<?xml version="1.0" encoding="UTF-8"?>
<!-- Generated by org.testng.reporters.JUnitReportReporter -->
<testsuite skipped="0" hostname="DESKTOP-R2QQRR4" name="emp.test.classes.EmployeeDeleteTest" tests="4" failures="0" timestamp="25 Nov 2019 12:41:47 GMT" time="4.351" errors="0">
  <testcase name="deleteEmployeeWithInvalidId" time="0.759" classname="emp.test.classes.EmployeeDeleteTest"/>
  <testcase name="deleteEmployeeWithoutId" time="0.669" classname="emp.test.classes.EmployeeDeleteTest"/>
  <testcase name="deleteEmployeeWithAllValidData" time="2.095" classname="emp.test.classes.EmployeeDeleteTest"/>
  <testcase name="deleteEmployeeWithNotExistingId" time="0.828" classname="emp.test.classes.EmployeeDeleteTest"/>
</testsuite> <!-- emp.test.classes.EmployeeDeleteTest -->
