<?xml version="1.0" encoding="UTF-8"?>
<!-- Generated by org.testng.reporters.JUnitReportReporter -->
<testsuite skipped="0" hostname="DESKTOP-R2QQRR4" name="emp.test.classes.EmployeeCreateTest" tests="21" failures="0" timestamp="25 Nov 2019 12:41:47 GMT" time="31.099" errors="0">
  <testcase name="createEmployeeWithDecimalAge" time="1.734" classname="emp.test.classes.EmployeeCreateTest"/>
  <testcase name="createEmployeeWithEmptyName" time="0.821" classname="emp.test.classes.EmployeeCreateTest"/>
  <testcase name="createEmployeeWithoutProfileImage" time="1.432" classname="emp.test.classes.EmployeeCreateTest"/>
  <testcase name="createEmployeeWithInvalidImageUrl" time="1.741" classname="emp.test.classes.EmployeeCreateTest"/>
  <testcase name="createEmployeeWithNullAge" time="0.712" classname="emp.test.classes.EmployeeCreateTest"/>
  <testcase name="createEmployeeWithNullName" time="0.716" classname="emp.test.classes.EmployeeCreateTest"/>
  <testcase name="createEmployeeWithGIFImageUrl" time="1.628" classname="emp.test.classes.EmployeeCreateTest"/>
  <testcase name="createEmployeeWithNullProfileImage" time="1.530" classname="emp.test.classes.EmployeeCreateTest"/>
  <testcase name="createEmployeeWithAllValidData" time="3.724" classname="emp.test.classes.EmployeeCreateTest"/>
  <testcase name="createEmployeeWithSpecialCharsAge" time="1.638" classname="emp.test.classes.EmployeeCreateTest"/>
  <testcase name="createEmployeeWithoutAge" time="0.726" classname="emp.test.classes.EmployeeCreateTest"/>
  <testcase name="createEmployeeWithNullSalary" time="0.817" classname="emp.test.classes.EmployeeCreateTest"/>
  <testcase name="createEmployeeWithoutName" time="0.717" classname="emp.test.classes.EmployeeCreateTest"/>
  <testcase name="createEmployeeWithoutSalary" time="0.817" classname="emp.test.classes.EmployeeCreateTest"/>
  <testcase name="createEmployeeWithSpecialCharsInName" time="0.815" classname="emp.test.classes.EmployeeCreateTest"/>
  <testcase name="createEmployeeWithDecimalSalary" time="1.631" classname="emp.test.classes.EmployeeCreateTest"/>
  <testcase name="createEmployeeWithAlphaNumericInName" time="1.530" classname="emp.test.classes.EmployeeCreateTest"/>
  <testcase name="createEmployeeWithAlphaNumericAge" time="1.426" classname="emp.test.classes.EmployeeCreateTest"/>
  <testcase name="createEmployeeWithAlphaNumericSalary" time="1.542" classname="emp.test.classes.EmployeeCreateTest"/>
  <testcase name="createEmployeeWithPNGImageUrl" time="3.885" classname="emp.test.classes.EmployeeCreateTest"/>
  <testcase name="createEmployeeWithSpecialCharsSalary" time="1.517" classname="emp.test.classes.EmployeeCreateTest"/>
</testsuite> <!-- emp.test.classes.EmployeeCreateTest -->
