<?xml version="1.0" encoding="UTF-8"?>
<!-- Generated by org.testng.reporters.JUnitReportReporter -->
<testsuite skipped="0" hostname="DESKTOP-R2QQRR4" name="emp.test.classes.EmployeeListTest" tests="1" failures="0" timestamp="25 Nov 2019 12:41:47 GMT" time="2.897" errors="0">
  <testcase name="listEmployeeWithAllValidData" time="2.897" classname="emp.test.classes.EmployeeListTest"/>
</testsuite> <!-- emp.test.classes.EmployeeListTest -->
