<?xml version="1.0" encoding="UTF-8"?>
<!-- Generated by org.testng.reporters.JUnitReportReporter -->
<testsuite skipped="0" hostname="DESKTOP-R2QQRR4" name="emp.test.classes.EmployeeGetTest" tests="4" failures="0" timestamp="25 Nov 2019 12:41:47 GMT" time="4.410" errors="0">
  <testcase name="getEmployeeWithInvalidId" time="0.710" classname="emp.test.classes.EmployeeGetTest"/>
  <testcase name="getEmployeeWithNotExistingId" time="0.738" classname="emp.test.classes.EmployeeGetTest"/>
  <testcase name="getEmployeeWithoutId" time="0.687" classname="emp.test.classes.EmployeeGetTest"/>
  <testcase name="getEmployeeWithAllValidData" time="2.275" classname="emp.test.classes.EmployeeGetTest"/>
</testsuite> <!-- emp.test.classes.EmployeeGetTest -->
