<?xml version="1.0" encoding="UTF-8"?>
<!-- Generated by org.testng.reporters.JUnitReportReporter -->
<testsuite skipped="0" hostname="DESKTOP-R2QQRR4" name="emp.test.classes.EmployeeCRUDTest" tests="2" failures="0" timestamp="25 Nov 2019 12:41:47 GMT" time="10.741" errors="0">
  <testcase name="createGetEmployeeWithValidRequiredData" time="4.704" classname="emp.test.classes.EmployeeCRUDTest"/>
  <testcase name="updateGetEmployeeWithValidRequiredData" time="6.037" classname="emp.test.classes.EmployeeCRUDTest"/>
</testsuite> <!-- emp.test.classes.EmployeeCRUDTest -->
