<?xml version="1.0" encoding="UTF-8"?>
<!-- Generated by org.testng.reporters.JUnitReportReporter -->
<testsuite skipped="0" hostname="DESKTOP-R2QQRR4" name="emp.test.classes.EmployeeUpdateTest" tests="21" failures="0" timestamp="25 Nov 2019 12:41:47 GMT" time="27.960" errors="0">
  <testcase name="updateEmployeeWithoutName" time="0.710" classname="emp.test.classes.EmployeeUpdateTest"/>
  <testcase name="updateEmployeeWithNullProfileImage" time="1.411" classname="emp.test.classes.EmployeeUpdateTest"/>
  <testcase name="updateEmployeeWithGIFImageUrl" time="1.391" classname="emp.test.classes.EmployeeUpdateTest"/>
  <testcase name="updateEmployeeWithNullSalary" time="1.544" classname="emp.test.classes.EmployeeUpdateTest"/>
  <testcase name="updateEmployeeWithAlphaNumericInName" time="1.367" classname="emp.test.classes.EmployeeUpdateTest"/>
  <testcase name="updateEmployeeWithNullAge" time="1.513" classname="emp.test.classes.EmployeeUpdateTest"/>
  <testcase name="updateEmployeeWithSpecialCharsAge" time="1.519" classname="emp.test.classes.EmployeeUpdateTest"/>
  <testcase name="updateEmployeeWithEmptyName" time="0.699" classname="emp.test.classes.EmployeeUpdateTest"/>
  <testcase name="updateEmployeeWithSpecialCharsInName" time="0.819" classname="emp.test.classes.EmployeeUpdateTest"/>
  <testcase name="updateEmployeeWithNullName" time="0.741" classname="emp.test.classes.EmployeeUpdateTest"/>
  <testcase name="updateEmployeeWithInvalidImageUrl" time="1.520" classname="emp.test.classes.EmployeeUpdateTest"/>
  <testcase name="updateEmployeeWithAllValidData" time="1.406" classname="emp.test.classes.EmployeeUpdateTest"/>
  <testcase name="updateEmployeeWithoutAge" time="1.381" classname="emp.test.classes.EmployeeUpdateTest"/>
  <testcase name="updateEmployeeWithPNGImageUrl" time="1.445" classname="emp.test.classes.EmployeeUpdateTest"/>
  <testcase name="updateEmployeeWithDecimalAge" time="1.795" classname="emp.test.classes.EmployeeUpdateTest"/>
  <testcase name="updateEmployeeWithoutSalary" time="1.399" classname="emp.test.classes.EmployeeUpdateTest"/>
  <testcase name="updateEmployeeWithoutProfileImage" time="1.546" classname="emp.test.classes.EmployeeUpdateTest"/>
  <testcase name="updateEmployeeWithAlphaNumericSalary" time="1.433" classname="emp.test.classes.EmployeeUpdateTest"/>
  <testcase name="updateEmployeeWithAlphaNumericAge" time="1.394" classname="emp.test.classes.EmployeeUpdateTest"/>
  <testcase name="updateEmployeeWithDecimalSalary" time="1.457" classname="emp.test.classes.EmployeeUpdateTest"/>
  <testcase name="updateEmployeeWithSpecialCharsSalary" time="1.470" classname="emp.test.classes.EmployeeUpdateTest"/>
</testsuite> <!-- emp.test.classes.EmployeeUpdateTest -->
